00:19:55: Creating resource group General
00:19:55: Creating resource group Internal
00:19:55: Creating resource group Autodetect
00:19:55: SceneManagerFactory for type 'DefaultSceneManager' registered.
00:19:55: Registering ResourceManager for type Material
00:19:55: Registering ResourceManager for type Mesh
00:19:55: Registering ResourceManager for type Skeleton
00:19:55: MovableObjectFactory for type 'ParticleSystem' registered.
00:19:55: ArchiveFactory for archive type FileSystem registered.
00:19:55: ArchiveFactory for archive type Zip registered.
00:19:55: ArchiveFactory for archive type EmbeddedZip registered.
00:19:55: DDS codec registering
00:19:55: FreeImage version: 3.17.0
00:19:55: This program uses FreeImage, a free, open source image library supporting all common bitmap formats. See http://freeimage.sourceforge.net for details
00:19:55: Supported formats: bmp,ico,jpg,jif,jpeg,jpe,jng,koa,iff,lbm,mng,pbm,pbm,pcd,pcx,pgm,pgm,png,ppm,ppm,ras,tga,targa,tif,tiff,wap,wbmp,wbm,psd,cut,xbm,xpm,gif,hdr,sgi,rgb,rgba,bw,exr,j2k,j2c,jp2,pfm,pct,pict,pic,3fr,arw,bay,bmq,cap,cine,cr2,crw,cs1,dc2,dcr,drf,dsc,dng,erf,fff,ia,iiq,k25,kc2,kdc,mdc,mef,mos,mrw,nef,nrw,orf,pef,ptx,pxn,qtk,raf,raw,rdc,rw2,rwl,rwz,sr2,srf,srw,sti,x3f,webp,jxr,wdp,hdp
00:19:55: Registering ResourceManager for type HighLevelGpuProgram
00:19:55: Registering ResourceManager for type Compositor
00:19:55: MovableObjectFactory for type 'Entity' registered.
00:19:55: MovableObjectFactory for type 'Light' registered.
00:19:55: MovableObjectFactory for type 'BillboardSet' registered.
00:19:55: MovableObjectFactory for type 'ManualObject' registered.
00:19:55: MovableObjectFactory for type 'BillboardChain' registered.
00:19:55: MovableObjectFactory for type 'RibbonTrail' registered.
00:19:55: Loading library /home/diamondman/src/ogre_build/lib/RenderSystem_GL
00:19:55: Installing plugin: GL RenderSystem
00:19:55: OpenGL Rendering Subsystem created.
00:19:55: Plugin successfully installed
00:19:55: *-*-* OGRE Initialising
00:19:55: *-*-* Version 1.9.0 (Ghadamon)
00:19:59: CPU Identifier & Features
00:19:59: -------------------------
00:19:59:  *   CPU ID: GenuineIntel: Intel(R) Core(TM) i7-3520M CPU @ 2.90GHz
00:19:59:  *      SSE: yes
00:19:59:  *     SSE2: yes
00:19:59:  *     SSE3: yes
00:19:59:  *      MMX: yes
00:19:59:  *   MMXEXT: yes
00:19:59:  *    3DNOW: no
00:19:59:  * 3DNOWEXT: no
00:19:59:  *     CMOV: yes
00:19:59:  *      TSC: yes
00:19:59:  *      FPU: yes
00:19:59:  *      PRO: yes
00:19:59:  *       HT: no
00:19:59: -------------------------
00:19:59: ******************************
*** Starting GLX Subsystem ***
******************************
00:19:59: Registering ResourceManager for type Texture
00:19:59: GLRenderSystem::_createRenderWindow "PWTViewer v1.0", 1366x768 fullscreen  miscParams: FSAA=0 displayFrequency=60 Hz gamma=No vsync=No 
00:19:59: GLXWindow::create used FBConfigID = 127
00:19:59: GL_VERSION = 3.0 Mesa 11.2.0
00:19:59: GL_VENDOR = Intel Open Source Technology Center
00:19:59: GL_RENDERER = Mesa DRI Intel(R) Ivybridge Mobile 
00:19:59: GL_EXTENSIONS = GL_ARB_multisample GL_EXT_abgr GL_EXT_bgra GL_EXT_blend_color GL_EXT_blend_minmax GL_EXT_blend_subtract GL_EXT_copy_texture GL_EXT_polygon_offset GL_EXT_subtexture GL_EXT_texture_object GL_EXT_vertex_array GL_EXT_compiled_vertex_array GL_EXT_texture GL_EXT_texture3D GL_IBM_rasterpos_clip GL_ARB_point_parameters GL_EXT_draw_range_elements GL_EXT_packed_pixels GL_EXT_point_parameters GL_EXT_rescale_normal GL_EXT_separate_specular_color GL_EXT_texture_edge_clamp GL_SGIS_generate_mipmap GL_SGIS_texture_border_clamp GL_SGIS_texture_edge_clamp GL_SGIS_texture_lod GL_ARB_framebuffer_sRGB GL_ARB_multitexture GL_EXT_framebuffer_sRGB GL_IBM_multimode_draw_arrays GL_IBM_texture_mirrored_repeat GL_3DFX_texture_compression_FXT1 GL_ARB_texture_cube_map GL_ARB_texture_env_add GL_ARB_transpose_matrix GL_EXT_blend_func_separate GL_EXT_fog_coord GL_EXT_multi_draw_arrays GL_EXT_secondary_color GL_EXT_texture_env_add GL_EXT_texture_filter_anisotropic GL_EXT_texture_lod_bias GL_INGR_blend_func_separate GL_NV_blend_square GL_NV_light_max_exponent GL_NV_texgen_reflection GL_NV_texture_env_combine4 GL_S3_s3tc GL_SUN_multi_draw_arrays GL_ARB_texture_border_clamp GL_ARB_texture_compression GL_EXT_framebuffer_object GL_EXT_texture_compression_s3tc GL_EXT_texture_env_combine GL_EXT_texture_env_dot3 GL_MESA_window_pos GL_NV_packed_depth_stencil GL_NV_texture_rectangle GL_ARB_depth_texture GL_ARB_occlusion_query GL_ARB_shadow GL_ARB_texture_env_combine GL_ARB_texture_env_crossbar GL_ARB_texture_env_dot3 GL_ARB_texture_mirrored_repeat GL_ARB_window_pos GL_EXT_stencil_two_side GL_EXT_texture_cube_map GL_NV_depth_clamp GL_APPLE_packed_pixels GL_APPLE_vertex_array_object GL_ARB_draw_buffers GL_ARB_fragment_program GL_ARB_fragment_shader GL_ARB_shader_objects GL_ARB_vertex_program GL_ARB_vertex_shader GL_ATI_draw_buffers GL_ATI_texture_env_combine3 GL_ATI_texture_float GL_EXT_shadow_funcs GL_EXT_stencil_wrap GL_MESA_pack_invert GL_NV_primitive_restart GL_ARB_depth_clamp GL_ARB_fragment_program_shadow GL_ARB_half_float_pixel GL_ARB_occlusion_query2 GL_ARB_point_sprite GL_ARB_shading_language_100 GL_ARB_sync GL_ARB_texture_non_power_of_two GL_ARB_vertex_buffer_object GL_ATI_blend_equation_separate GL_EXT_blend_equation_separate GL_OES_read_format GL_ARB_color_buffer_float GL_ARB_pixel_buffer_object GL_ARB_texture_compression_rgtc GL_ARB_texture_float GL_ARB_texture_rectangle GL_EXT_packed_float GL_EXT_pixel_buffer_object GL_EXT_texture_compression_dxt1 GL_EXT_texture_compression_rgtc GL_EXT_texture_rectangle GL_EXT_texture_sRGB GL_EXT_texture_shared_exponent GL_ARB_framebuffer_object GL_EXT_framebuffer_blit GL_EXT_framebuffer_multisample GL_EXT_packed_depth_stencil GL_APPLE_object_purgeable GL_ARB_vertex_array_object GL_ATI_separate_stencil GL_EXT_draw_buffers2 GL_EXT_draw_instanced GL_EXT_gpu_program_parameters GL_EXT_texture_array GL_EXT_texture_integer GL_EXT_texture_sRGB_decode GL_EXT_timer_query GL_OES_EGL_image GL_AMD_performance_monitor GL_ARB_copy_buffer GL_ARB_depth_buffer_float GL_ARB_draw_instanced GL_ARB_half_float_vertex GL_ARB_instanced_arrays GL_ARB_map_buffer_range GL_ARB_texture_rg GL_ARB_texture_swizzle GL_ARB_vertex_array_bgra GL_EXT_texture_swizzle GL_EXT_vertex_array_bgra GL_NV_conditional_render GL_AMD_conservative_depth GL_AMD_draw_buffers_blend GL_AMD_seamless_cubemap_per_texture GL_ARB_ES2_compatibility GL_ARB_blend_func_extended GL_ARB_debug_output GL_ARB_draw_buffers_blend GL_ARB_draw_elements_base_vertex GL_ARB_explicit_attrib_location GL_ARB_fragment_coord_conventions GL_ARB_provoking_vertex GL_ARB_sample_shading GL_ARB_sampler_objects GL_ARB_seamless_cube_map GL_ARB_shader_texture_lod GL_ARB_texture_cube_map_array GL_ARB_texture_gather GL_ARB_texture_multisample GL_ARB_texture_query_lod GL_ARB_texture_rgb10_a2ui GL_ARB_uniform_buffer_object GL_ARB_vertex_type_2_10_10_10_rev GL_EXT_provoking_vertex GL_EXT_texture_snorm GL_MESA_texture_signed_rgba GL_NV_texture_barrier GL_ARB_get_program_binary GL_ARB_robustness GL_ARB_separate_shader_objects GL_ARB_shader_bit_encoding GL_ARB_texture_compression_bptc GL_ARB_timer_query GL_ARB_transform_feedback2 GL_ARB_transform_feedback3 GL_ANGLE_texture_compression_dxt3 GL_ANGLE_texture_compression_dxt5 GL_ARB_compressed_texture_pixel_storage GL_ARB_conservative_depth GL_ARB_internalformat_query GL_ARB_map_buffer_alignment GL_ARB_shader_atomic_counters GL_ARB_shader_image_load_store GL_ARB_shading_language_420pack GL_ARB_shading_language_packing GL_ARB_texture_storage GL_ARB_transform_feedback_instanced GL_EXT_framebuffer_multisample_blit_scaled GL_EXT_transform_feedback GL_AMD_shader_trinary_minmax GL_ARB_ES3_compatibility GL_ARB_arrays_of_arrays GL_ARB_clear_buffer_object GL_ARB_copy_image GL_ARB_explicit_uniform_location GL_ARB_framebuffer_no_attachments GL_ARB_invalidate_subdata GL_ARB_program_interface_query GL_ARB_shader_image_size GL_ARB_shader_storage_buffer_object GL_ARB_texture_query_levels GL_ARB_texture_storage_multisample GL_ARB_texture_view GL_ARB_vertex_attrib_binding GL_KHR_debug GL_ARB_buffer_storage GL_ARB_clear_texture GL_ARB_multi_bind GL_ARB_seamless_cubemap_per_texture GL_ARB_shader_draw_parameters GL_ARB_texture_mirror_clamp_to_edge GL_ARB_vertex_type_10f_11f_11f_rev GL_EXT_shader_integer_mix GL_INTEL_performance_query GL_ARB_clip_control GL_ARB_conditional_render_inverted GL_ARB_derivative_control GL_ARB_get_texture_sub_image GL_ARB_pipeline_statistics_query GL_ARB_shader_texture_image_samples GL_ARB_texture_barrier GL_EXT_polygon_offset_clamp GL_KHR_context_flush_control GL_ARB_shader_clock GL_EXT_shader_samples_identical 
00:19:59: Supported GLX extensions: GLX_ARB_create_context GLX_ARB_create_context_profile GLX_ARB_create_context_robustness GLX_ARB_fbconfig_float GLX_ARB_framebuffer_sRGB GLX_ARB_get_proc_address GLX_ARB_multisample GLX_EXT_import_context GLX_EXT_visual_info GLX_EXT_visual_rating GLX_EXT_fbconfig_packed_float GLX_EXT_framebuffer_sRGB GLX_EXT_create_context_es2_profile GLX_EXT_create_context_es_profile GLX_MESA_copy_sub_buffer GLX_MESA_multithread_makecurrent GLX_MESA_query_renderer GLX_MESA_swap_control GLX_OML_swap_method GLX_OML_sync_control GLX_SGI_make_current_read GLX_SGI_swap_control GLX_SGI_video_sync GLX_SGIS_multisample GLX_SGIX_fbconfig GLX_SGIX_pbuffer GLX_SGIX_visual_select_group GLX_EXT_texture_from_pixmap GLX_INTEL_swap_event 
00:19:59: ***************************
00:19:59: *** GL Renderer Started ***
00:19:59: ***************************
00:19:59: Registering ResourceManager for type GpuProgram
00:19:59: GLSL support detected
00:19:59: GL: Using GL_EXT_framebuffer_object for rendering to textures (best)
00:19:59: FBO PF_UNKNOWN depth/stencil support: D0S1 D0S4 D0S8 D0S16 D16S0 D16S1 D16S4 D16S8 D16S16 D24S0 D24S1 D24S4 D24S8 D24S16 D32S0 D32S1 D32S4 D32S8 D32S16 Packed-D24S8 
00:19:59: FBO PF_L8 depth/stencil support: D0S0 D0S1 D0S4 D0S8 D0S16 D16S0 D16S1 D16S4 D16S8 D16S16 D24S0 D24S1 D24S4 D24S8 D24S16 D32S0 D32S1 D32S4 D32S8 D32S16 Packed-D24S8 
00:19:59: FBO PF_L16 depth/stencil support: D0S0 D0S1 D0S4 D0S8 D0S16 D16S0 D16S1 D16S4 D16S8 D16S16 D24S0 D24S1 D24S4 D24S8 D24S16 D32S0 D32S1 D32S4 D32S8 D32S16 Packed-D24S8 
00:19:59: FBO PF_A8 depth/stencil support: D0S0 D0S1 D0S4 D0S8 D0S16 D16S0 D16S1 D16S4 D16S8 D16S16 D24S0 D24S1 D24S4 D24S8 D24S16 D32S0 D32S1 D32S4 D32S8 D32S16 Packed-D24S8 
00:19:59: FBO PF_R5G6B5 depth/stencil support: D0S0 D0S1 D0S4 D0S8 D0S16 D16S0 D16S1 D16S4 D16S8 D16S16 D24S0 D24S1 D24S4 D24S8 D24S16 D32S0 D32S1 D32S4 D32S8 D32S16 Packed-D24S8 
00:19:59: FBO PF_B5G6R5 depth/stencil support: D0S0 D0S1 D0S4 D0S8 D0S16 D16S0 D16S1 D16S4 D16S8 D16S16 D24S0 D24S1 D24S4 D24S8 D24S16 D32S0 D32S1 D32S4 D32S8 D32S16 Packed-D24S8 
00:19:59: FBO PF_A4R4G4B4 depth/stencil support: D0S0 D0S1 D0S4 D0S8 D0S16 D16S0 D16S1 D16S4 D16S8 D16S16 D24S0 D24S1 D24S4 D24S8 D24S16 D32S0 D32S1 D32S4 D32S8 D32S16 Packed-D24S8 
00:19:59: FBO PF_A1R5G5B5 depth/stencil support: D0S0 D0S1 D0S4 D0S8 D0S16 D16S0 D16S1 D16S4 D16S8 D16S16 D24S0 D24S1 D24S4 D24S8 D24S16 D32S0 D32S1 D32S4 D32S8 D32S16 Packed-D24S8 
00:19:59: FBO PF_R8G8B8 depth/stencil support: D0S0 D0S1 D0S4 D0S8 D0S16 D16S0 D16S1 D16S4 D16S8 D16S16 D24S0 D24S1 D24S4 D24S8 D24S16 D32S0 D32S1 D32S4 D32S8 D32S16 Packed-D24S8 
00:19:59: FBO PF_B8G8R8 depth/stencil support: D0S0 D0S1 D0S4 D0S8 D0S16 D16S0 D16S1 D16S4 D16S8 D16S16 D24S0 D24S1 D24S4 D24S8 D24S16 D32S0 D32S1 D32S4 D32S8 D32S16 Packed-D24S8 
00:19:59: FBO PF_A8R8G8B8 depth/stencil support: D0S0 D0S1 D0S4 D0S8 D0S16 D16S0 D16S1 D16S4 D16S8 D16S16 D24S0 D24S1 D24S4 D24S8 D24S16 D32S0 D32S1 D32S4 D32S8 D32S16 Packed-D24S8 
00:19:59: FBO PF_B8G8R8A8 depth/stencil support: D0S0 D0S1 D0S4 D0S8 D0S16 D16S0 D16S1 D16S4 D16S8 D16S16 D24S0 D24S1 D24S4 D24S8 D24S16 D32S0 D32S1 D32S4 D32S8 D32S16 Packed-D24S8 
00:19:59: FBO PF_A2R10G10B10 depth/stencil support: D0S0 D0S1 D0S4 D0S8 D0S16 D16S0 D16S1 D16S4 D16S8 D16S16 D24S0 D24S1 D24S4 D24S8 D24S16 D32S0 D32S1 D32S4 D32S8 D32S16 Packed-D24S8 
00:19:59: FBO PF_A2B10G10R10 depth/stencil support: D0S0 D0S1 D0S4 D0S8 D0S16 D16S0 D16S1 D16S4 D16S8 D16S16 D24S0 D24S1 D24S4 D24S8 D24S16 D32S0 D32S1 D32S4 D32S8 D32S16 Packed-D24S8 
00:19:59: FBO PF_FLOAT16_RGB depth/stencil support: D0S0 D0S1 D0S4 D0S8 D0S16 D16S0 D16S1 D16S4 D16S8 D16S16 D24S0 D24S1 D24S4 D24S8 D24S16 D32S0 D32S1 D32S4 D32S8 D32S16 Packed-D24S8 
00:19:59: FBO PF_FLOAT16_RGBA depth/stencil support: D0S0 D0S1 D0S4 D0S8 D0S16 D16S0 D16S1 D16S4 D16S8 D16S16 D24S0 D24S1 D24S4 D24S8 D24S16 D32S0 D32S1 D32S4 D32S8 D32S16 Packed-D24S8 
00:19:59: FBO PF_FLOAT32_RGBA depth/stencil support: D0S0 D0S1 D0S4 D0S8 D0S16 D16S0 D16S1 D16S4 D16S8 D16S16 D24S0 D24S1 D24S4 D24S8 D24S16 D32S0 D32S1 D32S4 D32S8 D32S16 Packed-D24S8 
00:19:59: FBO PF_X8R8G8B8 depth/stencil support: D0S0 D0S1 D0S4 D0S8 D0S16 D16S0 D16S1 D16S4 D16S8 D16S16 D24S0 D24S1 D24S4 D24S8 D24S16 D32S0 D32S1 D32S4 D32S8 D32S16 Packed-D24S8 
00:19:59: FBO PF_X8B8G8R8 depth/stencil support: D0S0 D0S1 D0S4 D0S8 D0S16 D16S0 D16S1 D16S4 D16S8 D16S16 D24S0 D24S1 D24S4 D24S8 D24S16 D32S0 D32S1 D32S4 D32S8 D32S16 Packed-D24S8 
00:19:59: FBO PF_SHORT_RGBA depth/stencil support: D0S0 D0S1 D0S4 D0S8 D0S16 D16S0 D16S1 D16S4 D16S8 D16S16 D24S0 D24S1 D24S4 D24S8 D24S16 D32S0 D32S1 D32S4 D32S8 D32S16 Packed-D24S8 
00:19:59: FBO PF_R3G3B2 depth/stencil support: D0S0 D0S1 D0S4 D0S8 D0S16 D16S0 D16S1 D16S4 D16S8 D16S16 D24S0 D24S1 D24S4 D24S8 D24S16 D32S0 D32S1 D32S4 D32S8 D32S16 Packed-D24S8 
00:19:59: FBO PF_FLOAT16_R depth/stencil support: D0S0 D0S1 D0S4 D0S8 D0S16 D16S0 D16S1 D16S4 D16S8 D16S16 D24S0 D24S1 D24S4 D24S8 D24S16 D32S0 D32S1 D32S4 D32S8 D32S16 Packed-D24S8 
00:19:59: FBO PF_FLOAT32_R depth/stencil support: D0S0 D0S1 D0S4 D0S8 D0S16 D16S0 D16S1 D16S4 D16S8 D16S16 D24S0 D24S1 D24S4 D24S8 D24S16 D32S0 D32S1 D32S4 D32S8 D32S16 Packed-D24S8 
00:19:59: FBO PF_SHORT_RGB depth/stencil support: D0S0 D0S1 D0S4 D0S8 D0S16 D16S0 D16S1 D16S4 D16S8 D16S16 D24S0 D24S1 D24S4 D24S8 D24S16 D32S0 D32S1 D32S4 D32S8 D32S16 Packed-D24S8 
00:19:59: [GL] : Valid FBO targets PF_UNKNOWN PF_L8 PF_L16 PF_A8 PF_R5G6B5 PF_B5G6R5 PF_A4R4G4B4 PF_A1R5G5B5 PF_R8G8B8 PF_B8G8R8 PF_A8R8G8B8 PF_B8G8R8A8 PF_A2R10G10B10 PF_A2B10G10R10 PF_FLOAT16_RGB PF_FLOAT16_RGBA PF_FLOAT32_RGBA PF_X8R8G8B8 PF_X8B8G8R8 PF_SHORT_RGBA PF_R3G3B2 PF_FLOAT16_R PF_FLOAT32_R PF_SHORT_RGB 
00:19:59: RenderSystem capabilities
00:19:59: -------------------------
00:19:59: RenderSystem Name: OpenGL Rendering Subsystem
00:19:59: GPU Vendor: intel
00:19:59: Device Name: Mesa DRI Intel(R) Ivybridge Mobile 
00:19:59: Driver Version: 3.0.0.0
00:19:59:  * Fixed function pipeline: yes
00:19:59:  * Hardware generation of mipmaps: no
00:19:59:  * Texture blending: yes
00:19:59:  * Anisotropic texture filtering: yes
00:19:59:  * Dot product texture operation: yes
00:19:59:  * Cube mapping: yes
00:19:59:  * Hardware stencil buffer: yes
00:19:59:    - Stencil depth: 8
00:19:59:    - Two sided stencil support: yes
00:19:59:    - Wrap stencil values: yes
00:19:59:  * Hardware vertex / index buffers: yes
00:19:59:  * 32-bit index buffers: yes
00:19:59:  * Vertex programs: yes
00:19:59:  * Number of floating-point constants for vertex programs: 4096
00:19:59:  * Number of integer constants for vertex programs: 0
00:19:59:  * Number of boolean constants for vertex programs: 0
00:19:59:  * Fragment programs: yes
00:19:59:  * Number of floating-point constants for fragment programs: 4096
00:19:59:  * Number of integer constants for fragment programs: 0
00:19:59:  * Number of boolean constants for fragment programs: 0
00:19:59:  * Geometry programs: no
00:19:59:  * Number of floating-point constants for geometry programs: 53502
00:19:59:  * Number of integer constants for geometry programs: 43788
00:19:59:  * Number of boolean constants for geometry programs: 16239
00:19:59:  * Tesselation Hull programs: no
00:19:59:  * Number of floating-point constants for tesselation hull programs: 64730
00:19:59:  * Number of integer constants for tesselation hull programs: 18436
00:19:59:  * Number of boolean constants for tesselation hull programs: 19107
00:19:59:  * Tesselation Domain programs: no
00:19:59:  * Number of floating-point constants for tesselation domain programs: 20911
00:19:59:  * Number of integer constants for tesselation domain programs: 1298
00:19:59:  * Number of boolean constants for tesselation domain programs: 32320
00:19:59:  * Compute programs: no
00:19:59:  * Number of floating-point constants for compute programs: 54401
00:19:59:  * Number of integer constants for compute programs: 4641
00:19:59:  * Number of boolean constants for compute programs: 26749
00:19:59:  * Supported Shader Profiles: arbfp1 arbvp1 glsl glsl100 glsl110 glsl120
00:19:59:  * Texture Compression: yes
00:19:59:    - DXT: yes
00:19:59:    - VTC: no
00:19:59:    - PVRTC: no
00:19:59:    - ATC: no
00:19:59:    - ETC1: no
00:19:59:    - ETC2: no
00:19:59:    - BC4/BC5: no
00:19:59:    - BC6H/BC7: no
00:19:59:  * Scissor Rectangle: yes
00:19:59:  * Hardware Occlusion Query: yes
00:19:59:  * User clip planes: yes
00:19:59:  * VET_UBYTE4 vertex element type: yes
00:19:59:  * Infinite far plane projection: yes
00:19:59:  * Hardware render-to-texture: yes
00:19:59:  * Floating point textures: yes
00:19:59:  * Non-power-of-two textures: yes
00:19:59:  * 1d textures: yes
00:19:59:  * Volume textures: yes
00:19:59:  * Multiple Render Targets: 8
00:19:59:    - With different bit depths: yes
00:19:59:  * Point Sprites: yes
00:19:59:  * Extended point parameters: yes
00:19:59:  * Max Point Size: 255
00:19:59:  * Vertex texture fetch: yes
00:19:59:  * Number of world matrices: 0
00:19:59:  * Number of texture units: 16
00:19:59:  * Stencil buffer depth: 8
00:19:59:  * Number of vertex blend matrices: 0
00:19:59:    - Max vertex textures: 16
00:19:59:    - Vertex textures shared: yes
00:19:59:  * Render to Vertex Buffer : no
00:19:59:  * Hardware Atomic Counters: no
00:19:59:  * GL 1.5 without VBO workaround: no
00:19:59:  * Frame Buffer objects: yes
00:19:59:  * Frame Buffer objects (ARB extension): no
00:19:59:  * Frame Buffer objects (ATI extension): no
00:19:59:  * PBuffer support: yes
00:19:59:  * GL 1.5 without HW-occlusion workaround: no
00:19:59:  * Vertex Array Objects: no
00:19:59:  * Separate shader objects: no
00:19:59: DefaultWorkQueue('Root') initialising on thread 7f42db90e800.
00:19:59: DefaultWorkQueue('Root')::WorkerFunc - thread 7f42ce9e9700 starting.
00:19:59: DefaultWorkQueue('Root')::WorkerFunc - thread 7f42ce1e8700 starting.
00:19:59: DefaultWorkQueue('Root')::WorkerFunc - thread 7f42c7fff700 starting.
00:19:59: Particle Renderer Type 'billboard' registered
00:19:59: DefaultWorkQueue('Root')::WorkerFunc - thread 7f42cd9e7700 starting.
00:19:59: Creating resource group Essential
00:19:59: Added resource location 'media/thumbnails' of type 'FileSystem' to resource group 'Essential'
00:19:59: Added resource location 'media/packs/SdkTrays.zip' of type 'Zip' to resource group 'Essential'
00:19:59: Added resource location '.' of type 'FileSystem' to resource group 'General'
00:19:59: Parsing scripts for resource group Autodetect
00:19:59: Finished parsing scripts for resource group Autodetect
00:19:59: Creating resources for group Autodetect
00:19:59: All done
00:19:59: Parsing scripts for resource group Essential
00:19:59: Parsing script SdkTrays.material
00:19:59: Finished parsing scripts for resource group Essential
00:19:59: Creating resources for group Essential
00:19:59: All done
00:19:59: Parsing scripts for resource group General
00:19:59: Finished parsing scripts for resource group General
00:19:59: Creating resources for group General
00:19:59: All done
00:19:59: Parsing scripts for resource group Internal
00:19:59: Finished parsing scripts for resource group Internal
00:19:59: Creating resources for group Internal
00:19:59: All done
